#
# There is insufficient memory for the Java Runtime Environment to continue.
# Native memory allocation (malloc) failed to allocate 1336624 bytes for Chunk::new
# Possible reasons:
#   The system is out of physical RAM or swap space
#   The process is running with CompressedOops enabled, and the Java Heap may be blocking the growth of the native heap
# Possible solutions:
#   Reduce memory load on the system
#   Increase physical memory or swap space
#   Check if swap backing store is full
#   Decrease Java heap size (-Xmx/-Xms)
#   Decrease number of Java threads
#   Decrease Java thread stack sizes (-Xss)
#   Set larger code cache with -XX:ReservedCodeCacheSize=
#   JVM is running with Unscaled Compressed Oops mode in which the Java heap is
#     placed in the first 4GB address space. The Java Heap base address is the
#     maximum limit for the native heap growth. Please use -XX:HeapBaseMinAddress
#     to set the Java Heap base and to place the Java Heap above 4GB virtual address.
# This output file may be truncated or incomplete.
#
#  Out of Memory Error (allocation.cpp:389), pid=6664, tid=0x0000000000001790
#
# JRE version: Java(TM) SE Runtime Environment (8.0_231-b11) (build 1.8.0_231-b11)
# Java VM: Java HotSpot(TM) 64-Bit Server VM (25.231-b11 mixed mode windows-amd64 compressed oops)
# Failed to write core dump. Minidumps are not enabled by default on client versions of Windows
#

---------------  T H R E A D  ---------------

Current thread (0x000000005757b800):  JavaThread "C2 CompilerThread0" daemon [_thread_in_native, id=6032, stack(0x0000000059140000,0x0000000059240000)]

Stack: [0x0000000059140000,0x0000000059240000]
[error occurred during error reporting (printing stack bounds), id 0xc0000005]

Native frames: (J=compiled Java code, j=interpreted, Vv=VM code, C=native code)


Current CompileTask:
C2:  18415 7567       4       org.springframework.util.AntPathMatcher::doMatch (615 bytes)


---------------  P R O C E S S  ---------------

Java Threads: ( => current thread )
  0x000000005e76c000 JavaThread "DestroyJavaVM" [_thread_blocked, id=6728, stack(0x0000000002380000,0x0000000002480000)]
  0x000000005e76b000 JavaThread "http-nio-8083-AsyncTimeout" daemon [_thread_blocked, id=6972, stack(0x0000000064170000,0x0000000064270000)]
  0x000000005e76a800 JavaThread "http-nio-8083-Acceptor-0" daemon [_thread_in_native, id=6944, stack(0x0000000064060000,0x0000000064160000)]
  0x000000005e769800 JavaThread "http-nio-8083-ClientPoller-1" daemon [_thread_in_native, id=7044, stack(0x00000000602a0000,0x00000000603a0000)]
  0x000000005e769000 JavaThread "http-nio-8083-ClientPoller-0" daemon [_thread_in_native, id=7048, stack(0x0000000063ba0000,0x0000000063ca0000)]
  0x000000005e768000 JavaThread "http-nio-8083-exec-10" daemon [_thread_blocked, id=7060, stack(0x0000000063e50000,0x0000000063f50000)]
  0x000000005e767800 JavaThread "http-nio-8083-exec-9" daemon [_thread_blocked, id=7036, stack(0x0000000063cc0000,0x0000000063dc0000)]
  0x000000005e766800 JavaThread "http-nio-8083-exec-8" daemon [_thread_blocked, id=6992, stack(0x0000000063a40000,0x0000000063b40000)]
  0x000000005e766000 JavaThread "http-nio-8083-exec-7" daemon [_thread_blocked, id=7000, stack(0x0000000063880000,0x0000000063980000)]
  0x000000005e765000 JavaThread "http-nio-8083-exec-6" daemon [_thread_blocked, id=6988, stack(0x0000000063720000,0x0000000063820000)]
  0x000000005e764800 JavaThread "http-nio-8083-exec-5" daemon [_thread_blocked, id=7012, stack(0x00000000635c0000,0x00000000636c0000)]
  0x000000005e763800 JavaThread "http-nio-8083-exec-4" daemon [_thread_blocked, id=6996, stack(0x0000000063460000,0x0000000063560000)]
  0x000000005e763000 JavaThread "http-nio-8083-exec-3" daemon [_thread_blocked, id=6976, stack(0x0000000063360000,0x0000000063460000)]
  0x000000005e762000 JavaThread "http-nio-8083-exec-2" daemon [_thread_blocked, id=6952, stack(0x0000000063240000,0x0000000063340000)]
  0x000000005e761800 JavaThread "http-nio-8083-exec-1" daemon [_thread_blocked, id=6960, stack(0x0000000062b10000,0x0000000062c10000)]
  0x000000005e760800 JavaThread "NioBlockingSelector.BlockPoller-1" daemon [_thread_in_native, id=6980, stack(0x00000000630e0000,0x00000000631e0000)]
  0x000000005a936000 JavaThread "Abandoned connection cleanup thread" daemon [_thread_blocked, id=6636, stack(0x00000000603d0000,0x00000000604d0000)]
  0x0000000059995000 JavaThread "Tomcat JDBC Pool Cleaner[2129789493:1612461374555]" daemon [_thread_blocked, id=6340, stack(0x000000005ff90000,0x0000000060090000)]
  0x000000005af03000 JavaThread "container-0" [_thread_blocked, id=6468, stack(0x000000005fe60000,0x000000005ff60000)]
  0x0000000058abb000 JavaThread "ContainerBackgroundProcessor[StandardEngine[Tomcat]]" daemon [_thread_blocked, id=6520, stack(0x000000005fa10000,0x000000005fb10000)]
  0x000000005980c000 JavaThread "Monitor Ctrl-Break" daemon [_thread_in_native, id=4188, stack(0x000000005a020000,0x000000005a120000)]
  0x00000000589ab000 JavaThread "Service Thread" daemon [_thread_blocked, id=6212, stack(0x0000000059250000,0x0000000059350000)]
  0x000000005893f800 JavaThread "C1 CompilerThread2" daemon [_thread_blocked, id=5328, stack(0x0000000059540000,0x0000000059640000)]
  0x000000005757d800 JavaThread "C2 CompilerThread1" daemon [_thread_in_native, id=2972, stack(0x00000000593d0000,0x00000000594d0000)]
=>0x000000005757b800 JavaThread "C2 CompilerThread0" daemon [_thread_in_native, id=6032, stack(0x0000000059140000,0x0000000059240000)]
  0x0000000057578800 JavaThread "Attach Listener" daemon [_thread_blocked, id=3488, stack(0x0000000058f30000,0x0000000059030000)]
  0x000000005893c800 JavaThread "Signal Dispatcher" daemon [_thread_blocked, id=6416, stack(0x0000000058d50000,0x0000000058e50000)]
  0x000000005755e800 JavaThread "Finalizer" daemon [_thread_blocked, id=2424, stack(0x00000000586f0000,0x00000000587f0000)]
  0x0000000057557800 JavaThread "Reference Handler" daemon [_thread_blocked, id=6012, stack(0x0000000058830000,0x0000000058930000)]

Other Threads:
  0x0000000057510000 VMThread [stack: 0x0000000058580000,0x0000000058680000] [id=1800]
  0x0000000058a51800 WatcherThread [stack: 0x0000000059650000,0x0000000059750000] [id=644]

VM state:not at safepoint (normal execution)

VM Mutex/Monitor currently owned by a thread: None

heap address: 0x0000000081600000, size: 2026 MB, Compressed Oops mode: 32-bit
Narrow klass base: 0x0000000000000000, Narrow klass shift: 0
Compressed class space size: 1073741824 Address: 0x0000000016b80000

Heap:
 PSYoungGen      total 186368K, used 44869K [0x00000000d5d00000, 0x00000000e4e00000, 0x0000000100000000)
  eden space 169472K, 16% used [0x00000000d5d00000,0x00000000d7856b08,0x00000000e0280000)
  from space 16896K, 99% used [0x00000000e0280000,0x00000000e12fabf0,0x00000000e1300000)
  to   space 18944K, 0% used [0x00000000e3b80000,0x00000000e3b80000,0x00000000e4e00000)
 ParOldGen       total 107520K, used 22923K [0x0000000081600000, 0x0000000087f00000, 0x00000000d5d00000)
  object space 107520K, 21% used [0x0000000081600000,0x0000000082c62d30,0x0000000087f00000)
 Metaspace       used 58187K, capacity 58804K, committed 59160K, reserved 1101824K
  class space    used 7244K, capacity 7399K, committed 7472K, reserved 1048576K

Card table byte_map: [0x0000000011b10000,0x0000000011f10000] byte_map_base: 0x0000000011705000

Marking Bits: (ParMarkBitMap*) 0x0000000061936d90
 Begin Bits: [0x0000000012830000, 0x00000000147d8000)
 End Bits:   [0x00000000147d8000, 0x0000000016780000)

Polling page: 0x0000000000240000

CodeCache: size=245760Kb used=23362Kb max_used=23375Kb free=222397Kb
 bounds [0x0000000002750000, 0x0000000003e40000, 0x0000000011750000]
 total_blobs=7687 nmethods=6905 adapters=693
 compilation: enabled

Compilation events (10 events):
Event: 18.398 Thread 0x000000005757d800 7720       4       sun.security.provider.SHA::implCompress (491 bytes)
Event: 18.399 Thread 0x000000005893f800 nmethod 7725 0x0000000003e23710 code [0x0000000003e23880, 0x0000000003e23b08]
Event: 18.399 Thread 0x000000005893f800 7726       3       org.springframework.core.annotation.SynthesizingMethodParameter::<init> (7 bytes)
Event: 18.399 Thread 0x000000005893f800 nmethod 7726 0x0000000003e20250 code [0x0000000003e203c0, 0x0000000003e205a8]
Event: 18.399 Thread 0x000000005893f800 7727       3       org.springframework.web.method.HandlerMethod$HandlerMethodParameter::getContainingClass (8 bytes)
Event: 18.399 Thread 0x000000005893f800 nmethod 7727 0x0000000003e232d0 code [0x0000000003e23440, 0x0000000003e23668]
Event: 18.409 Thread 0x000000005893f800 7728       3       org.hibernate.type.EntityType::getIdentifierOrUniqueKeyType (55 bytes)
Event: 18.410 Thread 0x000000005893f800 nmethod 7728 0x0000000003e22610 code [0x0000000003e227e0, 0x0000000003e230d8]
Event: 18.410 Thread 0x000000005893f800 7729       3       org.hibernate.type.EntityType::getIdentifierType (30 bytes)
Event: 18.410 Thread 0x000000005893f800 nmethod 7729 0x0000000003e22090 code [0x0000000003e22200, 0x0000000003e22528]

GC Heap History (10 events):
Event: 7.454 GC heap before
{Heap before GC invocations=9 (full 1):
 PSYoungGen      total 105472K, used 71057K [0x00000000d5d00000, 0x00000000dfb80000, 0x0000000100000000)
  eden space 96256K, 64% used [0x00000000d5d00000,0x00000000d996c6c8,0x00000000dbb00000)
  from space 9216K, 99% used [0x00000000dbb00000,0x00000000dc3f80a0,0x00000000dc400000)
  to   space 12800K, 0% used [0x00000000def00000,0x00000000def00000,0x00000000dfb80000)
 ParOldGen       total 62976K, used 14617K [0x0000000081600000, 0x0000000085380000, 0x00000000d5d00000)
  object space 62976K, 23% used [0x0000000081600000,0x00000000824465d8,0x0000000085380000)
 Metaspace       used 34892K, capacity 35224K, committed 35496K, reserved 1081344K
  class space    used 4232K, capacity 4335K, committed 4400K, reserved 1048576K
Event: 7.472 GC heap after
Heap after GC invocations=9 (full 1):
 PSYoungGen      total 147456K, used 12786K [0x00000000d5d00000, 0x00000000e0100000, 0x0000000100000000)
  eden space 134656K, 0% used [0x00000000d5d00000,0x00000000d5d00000,0x00000000de080000)
  from space 12800K, 99% used [0x00000000def00000,0x00000000dfb7c878,0x00000000dfb80000)
  to   space 14848K, 0% used [0x00000000de080000,0x00000000de080000,0x00000000def00000)
 ParOldGen       total 62976K, used 15599K [0x0000000081600000, 0x0000000085380000, 0x00000000d5d00000)
  object space 62976K, 24% used [0x0000000081600000,0x000000008253be20,0x0000000085380000)
 Metaspace       used 34892K, capacity 35224K, committed 35496K, reserved 1081344K
  class space    used 4232K, capacity 4335K, committed 4400K, reserved 1048576K
}
Event: 7.472 GC heap before
{Heap before GC invocations=10 (full 2):
 PSYoungGen      total 147456K, used 12786K [0x00000000d5d00000, 0x00000000e0100000, 0x0000000100000000)
  eden space 134656K, 0% used [0x00000000d5d00000,0x00000000d5d00000,0x00000000de080000)
  from space 12800K, 99% used [0x00000000def00000,0x00000000dfb7c878,0x00000000dfb80000)
  to   space 14848K, 0% used [0x00000000de080000,0x00000000de080000,0x00000000def00000)
 ParOldGen       total 62976K, used 15599K [0x0000000081600000, 0x0000000085380000, 0x00000000d5d00000)
  object space 62976K, 24% used [0x0000000081600000,0x000000008253be20,0x0000000085380000)
 Metaspace       used 34892K, capacity 35224K, committed 35496K, reserved 1081344K
  class space    used 4232K, capacity 4335K, committed 4400K, reserved 1048576K
Event: 7.579 GC heap after
Heap after GC invocations=10 (full 2):
 PSYoungGen      total 147456K, used 0K [0x00000000d5d00000, 0x00000000e0100000, 0x0000000100000000)
  eden space 134656K, 0% used [0x00000000d5d00000,0x00000000d5d00000,0x00000000de080000)
  from space 12800K, 0% used [0x00000000def00000,0x00000000def00000,0x00000000dfb80000)
  to   space 14848K, 0% used [0x00000000de080000,0x00000000de080000,0x00000000def00000)
 ParOldGen       total 107520K, used 22205K [0x0000000081600000, 0x0000000087f00000, 0x00000000d5d00000)
  object space 107520K, 20% used [0x0000000081600000,0x0000000082baf758,0x0000000087f00000)
 Metaspace       used 34892K, capacity 35224K, committed 35496K, reserved 1081344K
  class space    used 4232K, capacity 4335K, committed 4400K, reserved 1048576K
}
Event: 9.861 GC heap before
{Heap before GC invocations=11 (full 2):
 PSYoungGen      total 147456K, used 134656K [0x00000000d5d00000, 0x00000000e0100000, 0x0000000100000000)
  eden space 134656K, 100% used [0x00000000d5d00000,0x00000000de080000,0x00000000de080000)
  from space 12800K, 0% used [0x00000000def00000,0x00000000def00000,0x00000000dfb80000)
  to   space 14848K, 0% used [0x00000000de080000,0x00000000de080000,0x00000000def00000)
 ParOldGen       total 107520K, used 22205K [0x0000000081600000, 0x0000000087f00000, 0x00000000d5d00000)
  object space 107520K, 20% used [0x0000000081600000,0x0000000082baf758,0x0000000087f00000)
 Metaspace       used 45967K, capacity 46370K, committed 46768K, reserved 1089536K
  class space    used 5911K, capacity 6038K, committed 6064K, reserved 1048576K
Event: 9.927 GC heap after
Heap after GC invocations=11 (full 2):
 PSYoungGen      total 149504K, used 13508K [0x00000000d5d00000, 0x00000000e2480000, 0x0000000100000000)
  eden space 134656K, 0% used [0x00000000d5d00000,0x00000000d5d00000,0x00000000de080000)
  from space 14848K, 90% used [0x00000000de080000,0x00000000dedb1338,0x00000000def00000)
  to   space 16384K, 0% used [0x00000000e1480000,0x00000000e1480000,0x00000000e2480000)
 ParOldGen       total 107520K, used 22213K [0x0000000081600000, 0x0000000087f00000, 0x00000000d5d00000)
  object space 107520K, 20% used [0x0000000081600000,0x0000000082bb1758,0x0000000087f00000)
 Metaspace       used 45967K, capacity 46370K, committed 46768K, reserved 1089536K
  class space    used 5911K, capacity 6038K, committed 6064K, reserved 1048576K
}
Event: 11.180 GC heap before
{Heap before GC invocations=12 (full 2):
 PSYoungGen      total 149504K, used 148164K [0x00000000d5d00000, 0x00000000e2480000, 0x0000000100000000)
  eden space 134656K, 100% used [0x00000000d5d00000,0x00000000de080000,0x00000000de080000)
  from space 14848K, 90% used [0x00000000de080000,0x00000000dedb1338,0x00000000def00000)
  to   space 16384K, 0% used [0x00000000e1480000,0x00000000e1480000,0x00000000e2480000)
 ParOldGen       total 107520K, used 22213K [0x0000000081600000, 0x0000000087f00000, 0x00000000d5d00000)
  object space 107520K, 20% used [0x0000000081600000,0x0000000082bb1758,0x0000000087f00000)
 Metaspace       used 49254K, capacity 49688K, committed 50096K, reserved 1093632K
  class space    used 6360K, capacity 6495K, committed 6576K, reserved 1048576K
Event: 11.201 GC heap after
Heap after GC invocations=12 (full 2):
 PSYoungGen      total 184832K, used 12567K [0x00000000d5d00000, 0x00000000e2380000, 0x0000000100000000)
  eden space 169472K, 0% used [0x00000000d5d00000,0x00000000d5d00000,0x00000000e0280000)
  from space 15360K, 81% used [0x00000000e1480000,0x00000000e20c5eb8,0x00000000e2380000)
  to   space 16896K, 0% used [0x00000000e0280000,0x00000000e0280000,0x00000000e1300000)
 ParOldGen       total 107520K, used 22221K [0x0000000081600000, 0x0000000087f00000, 0x00000000d5d00000)
  object space 107520K, 20% used [0x0000000081600000,0x0000000082bb3758,0x0000000087f00000)
 Metaspace       used 49254K, capacity 49688K, committed 50096K, reserved 1093632K
  class space    used 6360K, capacity 6495K, committed 6576K, reserved 1048576K
}
Event: 16.144 GC heap before
{Heap before GC invocations=13 (full 2):
 PSYoungGen      total 184832K, used 182039K [0x00000000d5d00000, 0x00000000e2380000, 0x0000000100000000)
  eden space 169472K, 100% used [0x00000000d5d00000,0x00000000e0280000,0x00000000e0280000)
  from space 15360K, 81% used [0x00000000e1480000,0x00000000e20c5eb8,0x00000000e2380000)
  to   space 16896K, 0% used [0x00000000e0280000,0x00000000e0280000,0x00000000e1300000)
 ParOldGen       total 107520K, used 22221K [0x0000000081600000, 0x0000000087f00000, 0x00000000d5d00000)
  object space 107520K, 20% used [0x0000000081600000,0x0000000082bb3758,0x0000000087f00000)
 Metaspace       used 57701K, capacity 58292K, committed 58672K, reserved 1099776K
  class space    used 7244K, capacity 7399K, committed 7472K, reserved 1048576K
Event: 16.174 GC heap after
Heap after GC invocations=13 (full 2):
 PSYoungGen      total 186368K, used 16874K [0x00000000d5d00000, 0x00000000e4e00000, 0x0000000100000000)
  eden space 169472K, 0% used [0x00000000d5d00000,0x00000000d5d00000,0x00000000e0280000)
  from space 16896K, 99% used [0x00000000e0280000,0x00000000e12fabf0,0x00000000e1300000)
  to   space 18944K, 0% used [0x00000000e3b80000,0x00000000e3b80000,0x00000000e4e00000)
 ParOldGen       total 107520K, used 22923K [0x0000000081600000, 0x0000000087f00000, 0x00000000d5d00000)
  object space 107520K, 21% used [0x0000000081600000,0x0000000082c62d30,0x0000000087f00000)
 Metaspace       used 57701K, capacity 58292K, committed 58672K, reserved 1099776K
  class space    used 7244K, capacity 7399K, committed 7472K, reserved 1048576K
}

Deoptimization events (10 events):
Event: 13.193 Thread 0x000000005e767800 Uncommon trap: reason=class_check action=maybe_recompile pc=0x00000000031bd974 method=java.util.AbstractList$Itr.next()Ljava/lang/Object; @ 14
Event: 13.233 Thread 0x000000005e767800 Uncommon trap: reason=bimorphic action=maybe_recompile pc=0x0000000002d097ac method=java.util.regex.Matcher.match(II)Z @ 86
Event: 13.233 Thread 0x000000005e767800 Uncommon trap: reason=class_check action=maybe_recompile pc=0x000000000364cc40 method=java.util.regex.Pattern$7.isSatisfiedBy(I)Z @ 16
Event: 13.233 Thread 0x000000005e767800 Uncommon trap: reason=class_check action=maybe_recompile pc=0x000000000364cc40 method=java.util.regex.Pattern$7.isSatisfiedBy(I)Z @ 16
Event: 13.233 Thread 0x000000005e767800 Uncommon trap: reason=class_check action=maybe_recompile pc=0x000000000364cc40 method=java.util.regex.Pattern$7.isSatisfiedBy(I)Z @ 16
Event: 13.233 Thread 0x000000005e767800 Uncommon trap: reason=class_check action=maybe_recompile pc=0x000000000364cc40 method=java.util.regex.Pattern$7.isSatisfiedBy(I)Z @ 16
Event: 13.455 Thread 0x000000005e764800 Uncommon trap: reason=bimorphic action=maybe_recompile pc=0x0000000002d097ac method=java.util.regex.Matcher.match(II)Z @ 86
Event: 13.506 Thread 0x000000005e761800 Uncommon trap: reason=bimorphic action=maybe_recompile pc=0x0000000002d097ac method=java.util.regex.Matcher.match(II)Z @ 86
Event: 13.530 Thread 0x000000005e766800 Uncommon trap: reason=bimorphic action=maybe_recompile pc=0x0000000002d097ac method=java.util.regex.Matcher.match(II)Z @ 86
Event: 15.766 Thread 0x000000005e767800 Uncommon trap: reason=null_check action=make_not_entrant pc=0x0000000003b6245c method=org.springframework.core.annotation.AnnotatedElementUtils.searchWithFindSemantics(Ljava/lang/reflect/AnnotatedElement;Ljava/lang/Class;Ljava/lang/String;Ljava/lang/Class

Classes redefined (0 events):
No events

Internal exceptions (10 events):
Event: 12.541 Thread 0x000000005e767800 Exception <a 'java/lang/ClassNotFoundException': org/springframework/web/servlet/theme/FixedThemeResolverCustomizer> (0x00000000dc8741b0) thrown at [C:\re\workspace\8-2-build-windows-amd64-cygwin\jdk8u231\13620\hotspot\src\share\vm\classfile\systemDiction
Event: 12.543 Thread 0x000000005e767800 Exception <a 'java/lang/ClassNotFoundException': org/springframework/web/servlet/ThemeResolverCustomizer> (0x00000000dc88eef8) thrown at [C:\re\workspace\8-2-build-windows-amd64-cygwin\jdk8u231\13620\hotspot\src\share\vm\classfile\systemDictionary.cpp, li
Event: 12.550 Thread 0x000000005e767800 Exception <a 'java/lang/ClassNotFoundException': java/lang/ObjectCustomizer> (0x00000000dc8afc10) thrown at [C:\re\workspace\8-2-build-windows-amd64-cygwin\jdk8u231\13620\hotspot\src\share\vm\classfile\systemDictionary.cpp, line 210]
Event: 12.551 Thread 0x000000005e767800 Exception <a 'java/lang/ClassNotFoundException': org/springframework/web/servlet/view/DefaultRequestToViewNameTranslatorCustomizer> (0x00000000dc8d18d8) thrown at [C:\re\workspace\8-2-build-windows-amd64-cygwin\jdk8u231\13620\hotspot\src\share\vm\classfil
Event: 12.552 Thread 0x000000005e767800 Exception <a 'java/lang/ClassNotFoundException': org/springframework/web/servlet/RequestToViewNameTranslatorCustomizer> (0x00000000dc8fe780) thrown at [C:\re\workspace\8-2-build-windows-amd64-cygwin\jdk8u231\13620\hotspot\src\share\vm\classfile\systemDict
Event: 12.559 Thread 0x000000005e767800 Exception <a 'java/lang/ClassNotFoundException': java/lang/ObjectCustomizer> (0x00000000dc930ab0) thrown at [C:\re\workspace\8-2-build-windows-amd64-cygwin\jdk8u231\13620\hotspot\src\share\vm\classfile\systemDictionary.cpp, line 210]
Event: 12.561 Thread 0x000000005e767800 Exception <a 'java/lang/ClassNotFoundException': org/springframework/web/servlet/support/AbstractFlashMapManagerCustomizer> (0x00000000dc9505f0) thrown at [C:\re\workspace\8-2-build-windows-amd64-cygwin\jdk8u231\13620\hotspot\src\share\vm\classfile\system
Event: 12.563 Thread 0x000000005e767800 Exception <a 'java/lang/ClassNotFoundException': org/springframework/web/servlet/support/SessionFlashMapManagerCustomizer> (0x00000000dc973fa8) thrown at [C:\re\workspace\8-2-build-windows-amd64-cygwin\jdk8u231\13620\hotspot\src\share\vm\classfile\systemD
Event: 12.564 Thread 0x000000005e767800 Exception <a 'java/lang/ClassNotFoundException': org/springframework/web/servlet/FlashMapManagerCustomizer> (0x00000000dc98ebf8) thrown at [C:\re\workspace\8-2-build-windows-amd64-cygwin\jdk8u231\13620\hotspot\src\share\vm\classfile\systemDictionary.cpp, 
Event: 15.766 Thread 0x000000005e767800 Implicit null exception at 0x0000000003b5bd5f to 0x0000000003b62415

Events (10 events):
Event: 17.421 Thread 0x000000005e761800 DEOPT PACKING pc=0x00000000038888d3 sp=0x0000000062c09530
Event: 17.421 Thread 0x000000005e761800 DEOPT UNPACKING pc=0x0000000002797890 sp=0x0000000062c09390 mode 0
Event: 17.790 Thread 0x000000005e765000 DEOPT PACKING pc=0x0000000003af5dbb sp=0x000000006381a900
Event: 17.790 Thread 0x000000005e765000 DEOPT UNPACKING pc=0x0000000002797890 sp=0x000000006381a628 mode 0
Event: 17.804 Thread 0x000000005e762000 DEOPT PACKING pc=0x0000000003a9dcf3 sp=0x000000006333f0c0
Event: 17.804 Thread 0x000000005e762000 DEOPT UNPACKING pc=0x0000000002797890 sp=0x000000006333eea8 mode 0
Event: 18.223 Executing VM operation: RevokeBias
Event: 18.223 Executing VM operation: RevokeBias done
Event: 18.377 Thread 0x000000005e766000 DEOPT PACKING pc=0x00000000031cb3fe sp=0x000000006397bf10
Event: 18.377 Thread 0x000000005e766000 DEOPT UNPACKING pc=0x0000000002797890 sp=0x000000006397bc28 mode 0


Dynamic libraries:
0x000000013f830000 - 0x000000013f867000 	C:\Program Files\Java\jdk1.8.0_231\bin\java.exe
0x00000000771e0000 - 0x000000007737f000 	C:\Windows\SYSTEM32\ntdll.dll
0x00000000770c0000 - 0x00000000771df000 	C:\Windows\system32\kernel32.dll
0x000007fefd050000 - 0x000007fefd0b7000 	C:\Windows\system32\KERNELBASE.dll
0x000007feff2f0000 - 0x000007feff3cb000 	C:\Windows\system32\ADVAPI32.dll
0x000007fefd5d0000 - 0x000007fefd66f000 	C:\Windows\system32\msvcrt.dll
0x000007feff3d0000 - 0x000007feff3ef000 	C:\Windows\SYSTEM32\sechost.dll
0x000007fefd940000 - 0x000007fefda6c000 	C:\Windows\system32\RPCRT4.dll
0x0000000076fc0000 - 0x00000000770ba000 	C:\Windows\system32\USER32.dll
0x000007feff410000 - 0x000007feff477000 	C:\Windows\system32\GDI32.dll
0x000007fefda70000 - 0x000007fefda7e000 	C:\Windows\system32\LPK.dll
0x000007fefd870000 - 0x000007fefd93b000 	C:\Windows\system32\USP10.dll
0x000007fefb300000 - 0x000007fefb4f5000 	C:\Windows\WinSxS\amd64_microsoft.windows.common-controls_6595b64144ccf1df_6.0.7601.24483_none_e372d88f30fbb845\COMCTL32.dll
0x000007fefd0f0000 - 0x000007fefd161000 	C:\Windows\system32\SHLWAPI.dll
0x000007fefed30000 - 0x000007fefed5e000 	C:\Windows\system32\IMM32.DLL
0x000007fefdbc0000 - 0x000007fefdcc9000 	C:\Windows\system32\MSCTF.dll
0x000007fefcc70000 - 0x000007fefcca0000 	C:\Windows\system32\nvinitx.dll
0x000007fefcc60000 - 0x000007fefcc6c000 	C:\Windows\system32\VERSION.dll
0x0000000073720000 - 0x0000000073726000 	C:\Program Files\NVIDIA Corporation\CoProcManager\detoured.dll
0x000007fef7d70000 - 0x000007fef7da8000 	C:\Program Files\NVIDIA Corporation\CoProcManager\nvd3d9wrapx.dll
0x000007fefea60000 - 0x000007fefec37000 	C:\Windows\system32\SETUPAPI.dll
0x000007fefce80000 - 0x000007fefceb6000 	C:\Windows\system32\CFGMGR32.dll
0x000007fefed60000 - 0x000007fefee3b000 	C:\Windows\system32\OLEAUT32.dll
0x000007fefd670000 - 0x000007fefd86f000 	C:\Windows\system32\ole32.dll
0x000007fefd0c0000 - 0x000007fefd0da000 	C:\Windows\system32\DEVOBJ.dll
0x000007fef7d40000 - 0x000007fef7d64000 	C:\Program Files\NVIDIA Corporation\CoProcManager\nvdxgiwrapx.dll
0x00000000619c0000 - 0x0000000061a92000 	C:\Program Files\Java\jdk1.8.0_231\jre\bin\msvcr100.dll
0x0000000061110000 - 0x00000000619b6000 	C:\Program Files\Java\jdk1.8.0_231\jre\bin\server\jvm.dll
0x000007fef2f70000 - 0x000007fef2f79000 	C:\Windows\system32\WSOCK32.dll
0x000007feff480000 - 0x000007feff4cd000 	C:\Windows\system32\WS2_32.dll
0x000007fefed20000 - 0x000007fefed28000 	C:\Windows\system32\NSI.dll
0x000007fef8a40000 - 0x000007fef8a7b000 	C:\Windows\system32\WINMM.dll
0x0000000077380000 - 0x0000000077387000 	C:\Windows\system32\PSAPI.DLL
0x000007fefb960000 - 0x000007fefb96f000 	C:\Program Files\Java\jdk1.8.0_231\jre\bin\verify.dll
0x000007fee8a90000 - 0x000007fee8ab9000 	C:\Program Files\Java\jdk1.8.0_231\jre\bin\java.dll
0x000007feef320000 - 0x000007feef336000 	C:\Program Files\Java\jdk1.8.0_231\jre\bin\zip.dll
0x000007fefdcd0000 - 0x000007fefea5b000 	C:\Windows\system32\SHELL32.dll
0x000007fefcd40000 - 0x000007fefcd4f000 	C:\Windows\system32\profapi.dll
0x000007fefb950000 - 0x000007fefb960000 	C:\Program Files (x86)\JetBrains\IntelliJ IDEA 2016.3.3\bin\breakgen64.dll
0x000007fee8230000 - 0x000007fee824a000 	C:\Program Files\Java\jdk1.8.0_231\jre\bin\net.dll
0x000007fefc470000 - 0x000007fefc4c5000 	C:\Windows\system32\mswsock.dll
0x000007fefc460000 - 0x000007fefc467000 	C:\Windows\System32\wship6.dll
0x000007fef2b90000 - 0x000007fef2b9d000 	C:\Program Files\Java\jdk1.8.0_231\jre\bin\management.dll
0x000007fefaf50000 - 0x000007fefaf65000 	C:\Windows\system32\NLAapi.dll
0x000007feedc20000 - 0x000007feedc35000 	C:\Windows\system32\napinsp.dll
0x000007feedbd0000 - 0x000007feedbe9000 	C:\Windows\system32\pnrpnsp.dll
0x000007fefc2f0000 - 0x000007fefc34b000 	C:\Windows\system32\DNSAPI.dll
0x000007fef9e60000 - 0x000007fef9e6b000 	C:\Windows\System32\winrnr.dll
0x000007feedb20000 - 0x000007feedb30000 	C:\Windows\system32\wshbth.dll
0x000007fefbea0000 - 0x000007fefbea7000 	C:\Windows\System32\wshtcpip.dll
0x000007fefa7f0000 - 0x000007fefa817000 	C:\Windows\system32\IPHLPAPI.DLL
0x000007fefa7e0000 - 0x000007fefa7eb000 	C:\Windows\system32\WINNSI.DLL
0x000007fef83f0000 - 0x000007fef83f8000 	C:\Windows\system32\rasadhlp.dll
0x000007fefa670000 - 0x000007fefa6c3000 	C:\Windows\System32\fwpuclnt.dll
0x000007fee8210000 - 0x000007fee8222000 	C:\Program Files\Java\jdk1.8.0_231\jre\bin\nio.dll
0x000007fefc4d0000 - 0x000007fefc4e8000 	C:\Windows\system32\CRYPTSP.dll
0x000007fefc1d0000 - 0x000007fefc217000 	C:\Windows\system32\rsaenh.dll
0x000007fefce50000 - 0x000007fefce6f000 	C:\Windows\system32\USERENV.dll
0x000007fefcb90000 - 0x000007fefcb9f000 	C:\Windows\system32\CRYPTBASE.dll
0x000007fefa5f0000 - 0x000007fefa608000 	C:\Windows\system32\dhcpcsvc.DLL
0x000007fefa5d0000 - 0x000007fefa5e1000 	C:\Windows\system32\dhcpcsvc6.DLL

VM Arguments:
jvm_args: -Dspring.output.ansi.enabled=always -Didea.launcher.port=7534 -Didea.launcher.bin.path=C:\Program Files (x86)\JetBrains\IntelliJ IDEA 2016.3.3\bin -Dfile.encoding=UTF-8 
java_command: com.intellij.rt.execution.application.AppMain ALL.app.Application
java_class_path (initial): C:\Program Files\Java\jdk1.8.0_231\jre\lib\charsets.jar;C:\Program Files\Java\jdk1.8.0_231\jre\lib\deploy.jar;C:\Program Files\Java\jdk1.8.0_231\jre\lib\ext\access-bridge-64.jar;C:\Program Files\Java\jdk1.8.0_231\jre\lib\ext\cldrdata.jar;C:\Program Files\Java\jdk1.8.0_231\jre\lib\ext\dnsns.jar;C:\Program Files\Java\jdk1.8.0_231\jre\lib\ext\jaccess.jar;C:\Program Files\Java\jdk1.8.0_231\jre\lib\ext\jfxrt.jar;C:\Program Files\Java\jdk1.8.0_231\jre\lib\ext\localedata.jar;C:\Program Files\Java\jdk1.8.0_231\jre\lib\ext\nashorn.jar;C:\Program Files\Java\jdk1.8.0_231\jre\lib\ext\sunec.jar;C:\Program Files\Java\jdk1.8.0_231\jre\lib\ext\sunjce_provider.jar;C:\Program Files\Java\jdk1.8.0_231\jre\lib\ext\sunmscapi.jar;C:\Program Files\Java\jdk1.8.0_231\jre\lib\ext\sunpkcs11.jar;C:\Program Files\Java\jdk1.8.0_231\jre\lib\ext\zipfs.jar;C:\Program Files\Java\jdk1.8.0_231\jre\lib\javaws.jar;C:\Program Files\Java\jdk1.8.0_231\jre\lib\jce.jar;C:\Program Files\Java\jdk1.8.0_231\jre\lib\jfr.jar;C:\Program Files\Java\jdk1.8.0_231\jre\lib\jfxswt.jar;C:\Program Files\Java\jdk1.8.0_231\jre\lib\jsse.jar;C:\Program Files\Java\jdk1.8.0_231\jre\lib\management-agent.jar;C:\Program Files\Java\jdk1.8.0_231\jre\lib\plugin.jar;C:\Program Files\Java\jdk1.8.0_231\jre\lib\resources.jar;C:\Program Files\Java\jdk1.8.0_231\jre\lib\rt.jar;C:\Users\wasja\Desktop\fscontext-1.2.1.jar (1)\fscontext-1.2.1.jar;C:\Users\wasja\Desktop\Simple-JavaEE-project-master\BOOT\SERV_rest\target\classes;C:\Users\wasja\.m2\repository\org\springframework\boot\spring-boot-starter-web\1.5.12.RELEASE\spring-boot-starter-web-1.5.12.RELEASE.jar;C:\Users\wasja\.m2\repository\org\springframework\boot\spring-boot-starter\1.5.12.RELEASE\spring-boot-starter-1.5.12.RELEASE.jar;C:\Users\wasja\.m2\repository\org\springframework\boot\spring-boot\1.5.12.RELEASE\spring-boot-1.5.12.RELEASE.jar;C:\Users\wasja\.m2\repository\org\springframework\boot\spring-boot-autoconfigure\1.5.12.RELEASE\spring-boot-autoconfigure
Launcher Type: SUN_STANDARD

Environment Variables:
JAVA_HOME=C:\Program Files\Java\jdk1.8.0_231
CLASSPATH=.
PATH=C:\ProgramData\Oracle\Java\javapath;C:\Program Files\Common Files\Siemens\Automation\Simatic OAM\bin;C:\Program Files (x86)\EasyPHP-DevServer-13.1VC9\binaries\php\php_runningversion;C:\Windows\system32;C:\Windows;C:\Windows\System32\Wbem;C:\Windows\System32\WindowsPowerShell\v1.0\;C:\Program Files\Intel\WiFi\bin\;C:\Program Files\Common Files\Intel\WirelessCommon\;C:\Program Files (x86)\Apache Software Foundation\Tomcat 9.0\bin;C:\Program Files\Java\jdk1.8.0_231\bin;C:\Program Files\Git\cmd;C:\Program Files\PuTTY\;C:\Program Files\nodejs\;C:\Program Files\Intel\WiFi\bin\;C:\Program Files\Common Files\Intel\WirelessCommon\;C:\Program Files (x86)\Apache Software Foundation\Tomcat 9.0\bin;C:\Program Files\Java\jdk1.8.0_231\bin;C:\Users\wasja\AppData\Local\GitHubDesktop\bin;C:\Users\wasja\AppData\Roaming\npm
USERNAME=wasja
OS=Windows_NT
PROCESSOR_IDENTIFIER=Intel64 Family 6 Model 78 Stepping 3, GenuineIntel



---------------  S Y S T E M  ---------------

OS: Windows 7 , 64 bit Build 7601 (6.1.7601.24499)

CPU:total 4 (initial active 4) (2 cores per cpu, 2 threads per core) family 6 model 78 stepping 3, cmov, cx8, fxsr, mmx, sse, sse2, sse3, ssse3, sse4.1, sse4.2, popcnt, avx, avx2, aes, clmul, erms, rtm, 3dnowpref, lzcnt, ht, tsc, tscinvbit, bmi1, bmi2, adx

Memory: 4k page, physical 8292356k(101464k free), swap 12484760k(5140k free)

vm_info: Java HotSpot(TM) 64-Bit Server VM (25.231-b11) for windows-amd64 JRE (1.8.0_231-b11), built on Oct  5 2019 03:11:30 by "java_re" with MS VC++ 10.0 (VS2010)

time: Thu Feb 04 20:56:25 2021
timezone: RTZ 2 (зима)
elapsed time: 18 seconds (0d 0h 0m 18s)

